<?xml version="1.0" encoding="UTF-8"?>
<!-- Generated by org.testng.reporters.JUnitReportReporter -->
<testsuite hostname="DESKTOP-TKR0B9R" failures="0" tests="1" name="com.qa.tests.GetAPITest" time="1.730" errors="0" timestamp="2022-01-25T17:20:41 IST" skipped="0">
  <testcase classname="com.qa.tests.GetAPITest" name="getAPITest" time="1.730"/>
  <system-out/>
</testsuite> <!-- com.qa.tests.GetAPITest -->
